[10:24:05] [Client thread/INFO]: Setting user: Player579
[10:24:08] [Client thread/INFO]: LWJGL Version: 2.9.4
[10:24:10] [Client thread/INFO]: Reloading ResourceManager: Default, FMLFileResourcePack:Forge Mod Loader, FMLFileResourcePack:Minecraft Forge, FMLFileResourcePack:XibaoMod
[10:24:11] [Sound Library Loader/INFO]: Starting up SoundSystem...
[10:24:11] [Thread-9/INFO]: Initializing LWJGL OpenAL
[10:24:11] [Thread-9/INFO]: (The LWJGL binding of OpenAL.  For more information, see http://www.lwjgl.org)
[10:24:11] [Thread-9/INFO]: OpenAL initialized.
[10:24:11] [Sound Library Loader/INFO]: Sound engine started
[10:24:18] [Client thread/INFO]: Created: 16x16 textures-atlas
[10:24:19] [Client thread/INFO]: Reloading ResourceManager: Default, FMLFileResourcePack:Forge Mod Loader, FMLFileResourcePack:Minecraft Forge, FMLFileResourcePack:XibaoMod
[10:24:19] [Client thread/INFO]: SoundSystem shutting down...
[10:24:19] [Client thread/WARN]: Author: Paul Lamb, www.paulscode.com
[10:24:19] [Sound Library Loader/INFO]: Starting up SoundSystem...
[10:24:19] [Thread-11/INFO]: Initializing LWJGL OpenAL
[10:24:19] [Thread-11/INFO]: (The LWJGL binding of OpenAL.  For more information, see http://www.lwjgl.org)
[10:24:19] [Thread-11/INFO]: OpenAL initialized.
[10:24:20] [Sound Library Loader/INFO]: Sound engine started
[10:24:24] [Client thread/INFO]: Created: 512x512 textures-atlas
[10:24:28] [Client thread/INFO]: Connecting to localhost, 25565
[10:24:32] [Server Connector #1/ERROR]: Couldn't connect to server
java.net.ConnectException: Connection refused: no further information: localhost/127.0.0.1:25565
	at sun.nio.ch.SocketChannelImpl.checkConnect(Native Method) ~[?:1.8.0_152]
	at sun.nio.ch.SocketChannelImpl.finishConnect(SocketChannelImpl.java:717) ~[?:1.8.0_152]
	at io.netty.channel.socket.nio.NioSocketChannel.doFinishConnect(NioSocketChannel.java:208) ~[NioSocketChannel.class:4.0.23.Final]
	at io.netty.channel.nio.AbstractNioChannel$AbstractNioUnsafe.finishConnect(AbstractNioChannel.java:287) ~[AbstractNioChannel$AbstractNioUnsafe.class:4.0.23.Final]
	at io.netty.channel.nio.NioEventLoop.processSelectedKey(NioEventLoop.java:528) ~[NioEventLoop.class:4.0.23.Final]
	at io.netty.channel.nio.NioEventLoop.processSelectedKeysOptimized(NioEventLoop.java:468) ~[NioEventLoop.class:4.0.23.Final]
	at io.netty.channel.nio.NioEventLoop.processSelectedKeys(NioEventLoop.java:382) ~[NioEventLoop.class:4.0.23.Final]
	at io.netty.channel.nio.NioEventLoop.run(NioEventLoop.java:354) ~[NioEventLoop.class:4.0.23.Final]
	at io.netty.util.concurrent.SingleThreadEventExecutor$2.run(SingleThreadEventExecutor.java:116) ~[SingleThreadEventExecutor$2.class:4.0.23.Final]
	at java.lang.Thread.run(Thread.java:748) ~[?:1.8.0_152]
[10:24:38] [Client thread/INFO]: Stopping!
[10:24:38] [Client thread/INFO]: SoundSystem shutting down...
[10:24:38] [Client thread/WARN]: Author: Paul Lamb, www.paulscode.com
